[debug] [2020-10-31T22:40:22.873Z] ----------------------------------------------------------------------
[debug] [2020-10-31T22:40:22.876Z] Command:       /Users/chriscrayola/.nvm/versions/node/v12.19.0/bin/node /Users/chriscrayola/.nvm/versions/node/v12.19.0/bin/firebase functions:shell
[debug] [2020-10-31T22:40:22.877Z] CLI Version:   8.14.1
[debug] [2020-10-31T22:40:22.877Z] Platform:      darwin
[debug] [2020-10-31T22:40:22.877Z] Node Version:  v12.19.0
[debug] [2020-10-31T22:40:22.879Z] Time:          Sat Oct 31 2020 18:40:22 GMT-0400 (Eastern Daylight Time)
[debug] [2020-10-31T22:40:22.879Z] ----------------------------------------------------------------------
[debug] [2020-10-31T22:40:22.879Z] 
[debug] [2020-10-31T22:40:22.967Z] > command requires scopes: ["email","openid","https://www.googleapis.com/auth/cloudplatformprojects.readonly","https://www.googleapis.com/auth/firebase","https://www.googleapis.com/auth/cloud-platform"]
[debug] [2020-10-31T22:40:22.968Z] > authorizing via signed-in user
[debug] [2020-10-31T22:40:22.969Z] [iam] checking project chatway-6ef71 for permissions ["firebase.projects.get"]
[debug] [2020-10-31T22:40:22.972Z] >>> HTTP REQUEST POST https://cloudresourcemanager.googleapis.com/v1/projects/chatway-6ef71:testIamPermissions  
 {"permissions":["firebase.projects.get"]}
[debug] [2020-10-31T22:40:23.308Z] <<< HTTP RESPONSE 200 {"content-type":"application/json; charset=UTF-8","vary":"X-Origin, Referer, Origin,Accept-Encoding","date":"Sat, 31 Oct 2020 22:40:23 GMT","server":"ESF","cache-control":"private","x-xss-protection":"0","x-frame-options":"SAMEORIGIN","x-content-type-options":"nosniff","server-timing":"gfet4t7; dur=93","alt-svc":"h3-Q050=\":443\"; ma=2592000,h3-29=\":443\"; ma=2592000,h3-T051=\":443\"; ma=2592000,h3-T050=\":443\"; ma=2592000,h3-Q046=\":443\"; ma=2592000,h3-Q043=\":443\"; ma=2592000,quic=\":443\"; ma=2592000; v=\"46,43\"","accept-ranges":"none","transfer-encoding":"chunked"}
[debug] [2020-10-31T22:40:23.321Z] [functions] Using node@12 from host.
[debug] [2020-10-31T22:40:23.323Z] defaultcredentials: writing to file /Users/chriscrayola/.config/firebase/chrisadams79_gmail_com_application_default_credentials.json
[debug] [2020-10-31T22:40:23.324Z] DEBUG: Setting GAC to /Users/chriscrayola/.config/firebase/chrisadams79_gmail_com_application_default_credentials.json
[debug] [2020-10-31T22:40:23.336Z] [functions] Watching "/Users/chriscrayola/Documents/Development/Portfolio/Personal Projects/React/twoway/functions" for Cloud Functions...
[debug] [2020-10-31T22:40:23.347Z] DEBUG: [worker-pool] addWorker(~diagnostic~)
[debug] [2020-10-31T22:40:23.347Z] DEBUG: [worker-pool] Adding worker with key ~diagnostic~, total=1
[debug] [2020-10-31T22:40:23.347Z] DEBUG: [worker-pool] submitWork(triggerId=)
[debug] [2020-10-31T22:40:23.347Z] DEBUG: [worker-~diagnostic~-c0f93480-ef4a-49ab-9d03-cc1a54eba65c]: Assigning socketPath: /var/folders/jy/cff1lrws1b335spzd7nbtk000000gn/T/fire_emu_21827.sock
[debug] [2020-10-31T22:40:23.348Z] DEBUG: [worker-~diagnostic~-c0f93480-ef4a-49ab-9d03-cc1a54eba65c]: BUSY
[debug] [2020-10-31T22:40:23.655Z] DEBUG: [runtime-status] [21827] Functions runtime initialized. {"cwd":"/Users/chriscrayola/Documents/Development/Portfolio/Personal Projects/React/twoway/functions","node_version":"12.19.0"}
[debug] [2020-10-31T22:40:23.656Z] DEBUG: [runtime-status] [21827] Disabled runtime features: undefined
[debug] [2020-10-31T22:40:23.659Z] DEBUG: [runtime-status] [21827] Resolved module firebase-admin {"declared":true,"installed":true,"version":"9.3.0","resolution":"/Users/chriscrayola/Documents/Development/Portfolio/Personal Projects/React/twoway/functions/node_modules/firebase-admin/lib/index.js"}
[debug] [2020-10-31T22:40:23.661Z] DEBUG: [runtime-status] [21827] Resolved module firebase-functions {"declared":true,"installed":true,"version":"3.11.0","resolution":"/Users/chriscrayola/Documents/Development/Portfolio/Personal Projects/React/twoway/functions/node_modules/firebase-functions/lib/index.js"}
[debug] [2020-10-31T22:40:23.661Z] DEBUG: [runtime-status] [21827] Resolved module firebase-functions {"declared":true,"installed":true,"version":"3.11.0","resolution":"/Users/chriscrayola/Documents/Development/Portfolio/Personal Projects/React/twoway/functions/node_modules/firebase-functions/lib/index.js"}
[debug] [2020-10-31T22:40:23.664Z] DEBUG: [runtime-status] [21827] Outgoing network have been stubbed. [{"name":"http","status":"mocked"},{"name":"http","status":"mocked"},{"name":"https","status":"mocked"},{"name":"https","status":"mocked"},{"name":"net","status":"mocked"}]
[debug] [2020-10-31T22:40:23.664Z] DEBUG: [runtime-status] [21827] Resolved module firebase-functions {"declared":true,"installed":true,"version":"3.11.0","resolution":"/Users/chriscrayola/Documents/Development/Portfolio/Personal Projects/React/twoway/functions/node_modules/firebase-functions/lib/index.js"}
[debug] [2020-10-31T22:40:24.157Z] DEBUG: [runtime-status] [21827] Checked functions.config() {"config":{}}
[debug] [2020-10-31T22:40:24.157Z] DEBUG: [runtime-status] [21827] firebase-functions has been stubbed. {"functionsResolution":{"declared":true,"installed":true,"version":"3.11.0","resolution":"/Users/chriscrayola/Documents/Development/Portfolio/Personal Projects/React/twoway/functions/node_modules/firebase-functions/lib/index.js"}}
[debug] [2020-10-31T22:40:24.158Z] DEBUG: [runtime-status] [21827] Resolved module firebase-functions {"declared":true,"installed":true,"version":"3.11.0","resolution":"/Users/chriscrayola/Documents/Development/Portfolio/Personal Projects/React/twoway/functions/node_modules/firebase-functions/lib/index.js"}
[debug] [2020-10-31T22:40:24.159Z] DEBUG: [runtime-status] [21827] Resolved module firebase-admin {"declared":true,"installed":true,"version":"9.3.0","resolution":"/Users/chriscrayola/Documents/Development/Portfolio/Personal Projects/React/twoway/functions/node_modules/firebase-admin/lib/index.js"}
[debug] [2020-10-31T22:40:24.159Z] DEBUG: [runtime-status] [21827] Resolved module firebase-functions {"declared":true,"installed":true,"version":"3.11.0","resolution":"/Users/chriscrayola/Documents/Development/Portfolio/Personal Projects/React/twoway/functions/node_modules/firebase-functions/lib/index.js"}
[debug] [2020-10-31T22:40:24.159Z] DEBUG: [runtime-status] [21827] firebase-admin has been stubbed. {"adminResolution":{"declared":true,"installed":true,"version":"9.3.0","resolution":"/Users/chriscrayola/Documents/Development/Portfolio/Personal Projects/React/twoway/functions/node_modules/firebase-admin/lib/index.js"}}
[debug] [2020-10-31T22:40:24.194Z] DEBUG: [runtime-status] [21827] initializeApp(DEFAULT) {"databaseURL":"https://chatway-6ef71.firebaseio.com","storageBucket":"chatway-6ef71.appspot.com","projectId":"chatway-6ef71"}
[warn] ⚠  functions: The Cloud Firestore emulator is not running, so calls to Firestore will affect production. {"metadata":{"emulator":{"name":"functions"},"message":"The Cloud Firestore emulator is not running, so calls to Firestore will affect production."}}
[debug] [2020-10-31T22:40:27.182Z] [functions[detectEvilUsers]] function ignored because the firestore emulator does not exist or is not running.
[info] i  functions: Loaded functions: detectEvilUsers 
[warn] ⚠  functions: The following emulators are not running, calls to these services will affect production: firestore, database, pubsub 
[debug] [2020-10-31T22:40:27.193Z] DEBUG: [worker-~diagnostic~-c0f93480-ef4a-49ab-9d03-cc1a54eba65c]: IDLE
